# JRE version: Java(TM) SE Runtime Environment 18.9 (11.0.23+7) (build 11.0.23+7-LTS-222)
# Java VM: Java HotSpot(TM) 64-Bit Server VM 18.9 (11.0.23+7-LTS-222, mixed mode, tiered, compressed oops, g1 gc, windows-amd64)
Heap:
 garbage-first heap   total 258048K, used 24889K [0x0000000704600000, 0x0000000800000000)
  region size 1024K, 21 young (21504K), 4 survivors (4096K)
 Metaspace       used 28920K, capacity 29525K, committed 29696K, reserved 1075200K
  class space    used 3365K, capacity 3574K, committed 3584K, reserved 1048576K
GC Heap History (6 events):
Event: 0.437 GC heap before
{Heap before GC invocations=0 (full 0):
 garbage-first heap   total 258048K, used 23552K [0x0000000704600000, 0x0000000800000000)
  region size 1024K, 24 young (24576K), 0 survivors (0K)
 Metaspace       used 13102K, capacity 13355K, committed 13440K, reserved 1060864K
  class space    used 1330K, capacity 1408K, committed 1408K, reserved 1048576K
}
Event: 0.440 GC heap after
{Heap after GC invocations=1 (full 0):
 garbage-first heap   total 258048K, used 4965K [0x0000000704600000, 0x0000000800000000)
  region size 1024K, 3 young (3072K), 3 survivors (3072K)
 Metaspace       used 13102K, capacity 13355K, committed 13440K, reserved 1060864K
  class space    used 1330K, capacity 1408K, committed 1408K, reserved 1048576K
}
Event: 0.814 GC heap before
{Heap before GC invocations=1 (full 0):
 garbage-first heap   total 258048K, used 39781K [0x0000000704600000, 0x0000000800000000)
  region size 1024K, 38 young (38912K), 3 survivors (3072K)
 Metaspace       used 20644K, capacity 21106K, committed 21248K, reserved 1069056K
  class space    used 2309K, capacity 2479K, committed 2560K, reserved 1048576K
}
Event: 0.817 GC heap after
{Heap after GC invocations=2 (full 0):
 garbage-first heap   total 258048K, used 6661K [0x0000000704600000, 0x0000000800000000)
  region size 1024K, 5 young (5120K), 5 survivors (5120K)
 Metaspace       used 20644K, capacity 21106K, committed 21248K, reserved 1069056K
  class space    used 2309K, capacity 2479K, committed 2560K, reserved 1048576K
}
Event: 1.007 GC heap before
{Heap before GC invocations=3 (full 0):
 garbage-first heap   total 258048K, used 43525K [0x0000000704600000, 0x0000000800000000)
  region size 1024K, 42 young (43008K), 5 survivors (5120K)
 Metaspace       used 26520K, capacity 27062K, committed 27136K, reserved 1073152K
  class space    used 3080K, capacity 3289K, committed 3328K, reserved 1048576K
}
Event: 1.010 GC heap after
{Heap after GC invocations=4 (full 0):
 garbage-first heap   total 258048K, used 8505K [0x0000000704600000, 0x0000000800000000)
  region size 1024K, 4 young (4096K), 4 survivors (4096K)
 Metaspace       used 26520K, capacity 27062K, committed 27136K, reserved 1073152K
  class space    used 3080K, capacity 3289K, committed 3328K, reserved 1048576K
}

