# JRE version: Java(TM) SE Runtime Environment 18.9 (11.0.23+7) (build 11.0.23+7-LTS-222)
# Java VM: Java HotSpot(TM) 64-Bit Server VM 18.9 (11.0.23+7-LTS-222, mixed mode, tiered, compressed oops, g1 gc, windows-amd64)
Heap:
 garbage-first heap   total 310272K, used 12426K [0x0000000704600000, 0x0000000800000000)
  region size 1024K, 8 young (8192K), 8 survivors (8192K)
 Metaspace       used 34959K, capacity 35811K, committed 35840K, reserved 1081344K
  class space    used 4145K, capacity 4451K, committed 4480K, reserved 1048576K
GC Heap History (9 events):
Event: 0.453 GC heap before
{Heap before GC invocations=0 (full 0):
 garbage-first heap   total 258048K, used 23552K [0x0000000704600000, 0x0000000800000000)
  region size 1024K, 24 young (24576K), 0 survivors (0K)
 Metaspace       used 13092K, capacity 13355K, committed 13440K, reserved 1060864K
  class space    used 1330K, capacity 1408K, committed 1408K, reserved 1048576K
}
Event: 0.456 GC heap after
{Heap after GC invocations=1 (full 0):
 garbage-first heap   total 258048K, used 5047K [0x0000000704600000, 0x0000000800000000)
  region size 1024K, 3 young (3072K), 3 survivors (3072K)
 Metaspace       used 13092K, capacity 13355K, committed 13440K, reserved 1060864K
  class space    used 1330K, capacity 1408K, committed 1408K, reserved 1048576K
}
Event: 0.854 GC heap before
{Heap before GC invocations=1 (full 0):
 garbage-first heap   total 258048K, used 39863K [0x0000000704600000, 0x0000000800000000)
  region size 1024K, 38 young (38912K), 3 survivors (3072K)
 Metaspace       used 20621K, capacity 21105K, committed 21248K, reserved 1069056K
  class space    used 2299K, capacity 2479K, committed 2560K, reserved 1048576K
}
Event: 0.857 GC heap after
{Heap after GC invocations=2 (full 0):
 garbage-first heap   total 258048K, used 6703K [0x0000000704600000, 0x0000000800000000)
  region size 1024K, 5 young (5120K), 5 survivors (5120K)
 Metaspace       used 20621K, capacity 21105K, committed 21248K, reserved 1069056K
  class space    used 2299K, capacity 2479K, committed 2560K, reserved 1048576K
}
Event: 1.047 GC heap before
{Heap before GC invocations=3 (full 0):
 garbage-first heap   total 258048K, used 42543K [0x0000000704600000, 0x0000000800000000)
  region size 1024K, 41 young (41984K), 5 survivors (5120K)
 Metaspace       used 26380K, capacity 26902K, committed 27136K, reserved 1073152K
  class space    used 3065K, capacity 3257K, committed 3328K, reserved 1048576K
}
Event: 1.050 GC heap after
{Heap after GC invocations=4 (full 0):
 garbage-first heap   total 258048K, used 8537K [0x0000000704600000, 0x0000000800000000)
  region size 1024K, 4 young (4096K), 4 survivors (4096K)
 Metaspace       used 26380K, capacity 26902K, committed 27136K, reserved 1073152K
  class space    used 3065K, capacity 3257K, committed 3328K, reserved 1048576K
}
Event: 1.545 GC heap before
{Heap before GC invocations=4 (full 0):
 garbage-first heap   total 258048K, used 68953K [0x0000000704600000, 0x0000000800000000)
  region size 1024K, 64 young (65536K), 4 survivors (4096K)
 Metaspace       used 33362K, capacity 34138K, committed 34304K, reserved 1079296K
  class space    used 3928K, capacity 4230K, committed 4352K, reserved 1048576K
}
Event: 1.549 GC heap after
{Heap after GC invocations=5 (full 0):
 garbage-first heap   total 258048K, used 11257K [0x0000000704600000, 0x0000000800000000)
  region size 1024K, 7 young (7168K), 7 survivors (7168K)
 Metaspace       used 33362K, capacity 34138K, committed 34304K, reserved 1079296K
  class space    used 3928K, capacity 4230K, committed 4352K, reserved 1048576K
}
Event: 1.672 GC heap before
{Heap before GC invocations=5 (full 0):
 garbage-first heap   total 258048K, used 22521K [0x0000000704600000, 0x0000000800000000)
  region size 1024K, 19 young (19456K), 7 survivors (7168K)
 Metaspace       used 34959K, capacity 35811K, committed 35840K, reserved 1081344K
  class space    used 4145K, capacity 4451K, committed 4480K, reserved 1048576K
}

