# JRE version: Java(TM) SE Runtime Environment 18.9 (11.0.23+7) (build 11.0.23+7-LTS-222)
# Java VM: Java HotSpot(TM) 64-Bit Server VM 18.9 (11.0.23+7-LTS-222, mixed mode, tiered, compressed oops, g1 gc, windows-amd64)
Heap:
 garbage-first heap   total 258048K, used 76756K [0x0000000704600000, 0x0000000800000000)
  region size 1024K, 72 young (73728K), 8 survivors (8192K)
 Metaspace       used 44147K, capacity 45283K, committed 45568K, reserved 1089536K
  class space    used 5332K, capacity 5780K, committed 5888K, reserved 1048576K
GC Heap History (8 events):
Event: 0.449 GC heap before
{Heap before GC invocations=0 (full 0):
 garbage-first heap   total 258048K, used 23552K [0x0000000704600000, 0x0000000800000000)
  region size 1024K, 24 young (24576K), 0 survivors (0K)
 Metaspace       used 13123K, capacity 13355K, committed 13440K, reserved 1060864K
  class space    used 1331K, capacity 1408K, committed 1408K, reserved 1048576K
}
Event: 0.451 GC heap after
{Heap after GC invocations=1 (full 0):
 garbage-first heap   total 258048K, used 4968K [0x0000000704600000, 0x0000000800000000)
  region size 1024K, 3 young (3072K), 3 survivors (3072K)
 Metaspace       used 13123K, capacity 13355K, committed 13440K, reserved 1060864K
  class space    used 1331K, capacity 1408K, committed 1408K, reserved 1048576K
}
Event: 0.810 GC heap before
{Heap before GC invocations=1 (full 0):
 garbage-first heap   total 258048K, used 39784K [0x0000000704600000, 0x0000000800000000)
  region size 1024K, 38 young (38912K), 3 survivors (3072K)
 Metaspace       used 20668K, capacity 21105K, committed 21248K, reserved 1069056K
  class space    used 2308K, capacity 2479K, committed 2560K, reserved 1048576K
}
Event: 0.813 GC heap after
{Heap after GC invocations=2 (full 0):
 garbage-first heap   total 258048K, used 6879K [0x0000000704600000, 0x0000000800000000)
  region size 1024K, 5 young (5120K), 5 survivors (5120K)
 Metaspace       used 20668K, capacity 21105K, committed 21248K, reserved 1069056K
  class space    used 2308K, capacity 2479K, committed 2560K, reserved 1048576K
}
Event: 1.021 GC heap before
{Heap before GC invocations=3 (full 0):
 garbage-first heap   total 258048K, used 50911K [0x0000000704600000, 0x0000000800000000)
  region size 1024K, 49 young (50176K), 5 survivors (5120K)
 Metaspace       used 27684K, capacity 28272K, committed 28544K, reserved 1075200K
  class space    used 3218K, capacity 3436K, committed 3456K, reserved 1048576K
}
Event: 1.024 GC heap after
{Heap after GC invocations=4 (full 0):
 garbage-first heap   total 258048K, used 8912K [0x0000000704600000, 0x0000000800000000)
  region size 1024K, 4 young (4096K), 4 survivors (4096K)
 Metaspace       used 27684K, capacity 28272K, committed 28544K, reserved 1075200K
  class space    used 3218K, capacity 3436K, committed 3456K, reserved 1048576K
}
Event: 1.559 GC heap before
{Heap before GC invocations=4 (full 0):
 garbage-first heap   total 258048K, used 74448K [0x0000000704600000, 0x0000000800000000)
  region size 1024K, 69 young (70656K), 4 survivors (4096K)
 Metaspace       used 34973K, capacity 35811K, committed 35840K, reserved 1081344K
  class space    used 4145K, capacity 4451K, committed 4480K, reserved 1048576K
}
Event: 1.564 GC heap after
{Heap after GC invocations=5 (full 0):
 garbage-first heap   total 258048K, used 12244K [0x0000000704600000, 0x0000000800000000)
  region size 1024K, 8 young (8192K), 8 survivors (8192K)
 Metaspace       used 34973K, capacity 35811K, committed 35840K, reserved 1081344K
  class space    used 4145K, capacity 4451K, committed 4480K, reserved 1048576K
}

